<?xml version="1.0" encoding="UTF-8"?>
<!-- Generated by org.testng.reporters.JUnitReportReporter -->
<testsuite hostname="USER-PC" name="com.selenium.testcases.AppTest" tests="1" failures="0" timestamp="5 Jan 2018 15:37:03 GMT" time="10.375" errors="0">
  <testcase name="TestCase1" time="10.375" classname="com.selenium.testcases.AppTest"/>
</testsuite> <!-- com.selenium.testcases.AppTest -->
