<?xml version="1.0" encoding="UTF-8"?>
<!-- Generated by org.testng.reporters.JUnitReportReporter -->
<testsuite hostname="USER-PC" name="com.selenium.testcases.AppTest" tests="1" failures="0" timestamp="7 May 2018 16:06:49 GMT" time="98.368" errors="0">
  <testcase name="TestCase1" time="98.368" classname="com.selenium.testcases.AppTest"/>
</testsuite> <!-- com.selenium.testcases.AppTest -->
