<?xml version="1.0" encoding="UTF-8"?>
<!-- Generated by org.testng.reporters.JUnitReportReporter -->
<testsuite hostname="USER-PC" name="com.selenium.testcases.AppTest" tests="1" failures="0" timestamp="4 May 2018 14:43:31 GMT" time="23.232" errors="0">
  <testcase name="TestCase1" time="23.232" classname="com.selenium.testcases.AppTest"/>
</testsuite> <!-- com.selenium.testcases.AppTest -->
